<?xml version="1.0" encoding="UTF-8" ?>
<testsuite tests="1" failures="1" name="org.bitbucket.openkilda.tools.mininet.MininetTest" time="7.66" errors="0" skipped="0">
  <properties>
[...]
</properties>
  <testcase classname="org.bitbucket.openkilda.tools.mininet.MininetTest" name="testTDD" time="7.66">
    <failure message="failure - sw1 should be connected" type="java.lang.AssertionError">java.lang.AssertionError: failure - sw1 should be connected
	at org.junit.Assert.fail(Assert.java:88)
	at org.junit.Assert.assertTrue(Assert.java:41)
	at org.bitbucket.openkilda.tools.mininet.MininetTest.testTDD(MininetTest.java:69)
	at sun.reflect.NativeMethodAccessorImpl.invoke0(Native Method)
	at sun.reflect.NativeMethodAccessorImpl.invoke(NativeMethodAccessorImpl.java:62)
	at sun.reflect.DelegatingMethodAccessorImpl.invoke(DelegatingMethodAccessorImpl.java:43)
	at java.lang.reflect.Method.invoke(Method.java:498)
	at org.junit.runners.model.FrameworkMethod$1.runReflectiveCall(FrameworkMethod.java:50)
	at org.junit.internal.runners.model.ReflectiveCallable.run(ReflectiveCallable.java:12)
	at org.junit.runners.model.FrameworkMethod.invokeExplosively(FrameworkMethod.java:47)
	at org.junit.internal.runners.statements.InvokeMethod.evaluate(InvokeMethod.java:17)
	at org.junit.internal.runners.statements.RunBefores.evaluate(RunBefores.java:26)
	at org.junit.internal.runners.statements.RunAfters.evaluate(RunAfters.java:27)
	at org.junit.runners.ParentRunner.runLeaf(ParentRunner.java:325)
	at org.junit.runners.BlockJUnit4ClassRunner.runChild(BlockJUnit4ClassRunner.java:78)
	at org.junit.runners.BlockJUnit4ClassRunner.runChild(BlockJUnit4ClassRunner.java:57)
	at org.junit.runners.ParentRunner$3.run(ParentRunner.java:290)
	at org.junit.runners.ParentRunner$1.schedule(ParentRunner.java:71)
	at org.junit.runners.ParentRunner.runChildren(ParentRunner.java:288)
	at org.junit.runners.ParentRunner.access$000(ParentRunner.java:58)
	at org.junit.runners.ParentRunner$2.evaluate(ParentRunner.java:268)
	at org.junit.internal.runners.statements.RunBefores.evaluate(RunBefores.java:26)
	at org.junit.internal.runners.statements.RunAfters.evaluate(RunAfters.java:27)
	at org.junit.runners.ParentRunner.run(ParentRunner.java:363)
	at org.apache.maven.surefire.junit4.JUnit4Provider.execute(JUnit4Provider.java:252)
	at org.apache.maven.surefire.junit4.JUnit4Provider.executeTestSet(JUnit4Provider.java:141)
	at org.apache.maven.surefire.junit4.JUnit4Provider.invoke(JUnit4Provider.java:112)
	at sun.reflect.NativeMethodAccessorImpl.invoke0(Native Method)
	at sun.reflect.NativeMethodAccessorImpl.invoke(NativeMethodAccessorImpl.java:62)
	at sun.reflect.DelegatingMethodAccessorImpl.invoke(DelegatingMethodAccessorImpl.java:43)
	at java.lang.reflect.Method.invoke(Method.java:498)
	at org.apache.maven.surefire.util.ReflectionUtils.invokeMethodWithArray(ReflectionUtils.java:189)
	at org.apache.maven.surefire.booter.ProviderFactory$ProviderProxy.invoke(ProviderFactory.java:165)
	at org.apache.maven.surefire.booter.ProviderFactory.invokeProvider(ProviderFactory.java:85)
	at org.apache.maven.surefire.booter.ForkedBooter.runSuitesInProcess(ForkedBooter.java:115)
	at org.apache.maven.surefire.booter.ForkedBooter.main(ForkedBooter.java:75)
</failure>
    <system-out>10:46:02.016 [main] DEBUG org.bitbucket.openkilda.tools.mininet.Mininet - adding controller {&quot;controllers&quot;:[{&quot;name&quot;:&quot;floodlight&quot;,&quot;port&quot;:6653,&quot;of-version&quot;:&quot;OF_13&quot;,&quot;host&quot;:&quot;127.0.0.1&quot;}]}
10:46:02.133 [main] DEBUG org.bitbucket.openkilda.tools.mininet.MininetSwitch - creating siwtch sw1 with DPID 00:00:00:00:00:00:00:01
10:46:02.136 [main] DEBUG org.bitbucket.openkilda.tools.mininet.Mininet - sending {&quot;switches&quot;:[{&quot;name&quot;:&quot;sw1&quot;,&quot;dpid&quot;:&quot;00:00:00:00:00:00:00:01&quot;}]}
10:46:02.287 [main] DEBUG org.bitbucket.openkilda.tools.mininet.MininetSwitch - creating siwtch sw2 with DPID 00:00:00:00:00:00:00:02
10:46:02.287 [main] DEBUG org.bitbucket.openkilda.tools.mininet.Mininet - sending {&quot;switches&quot;:[{&quot;name&quot;:&quot;sw2&quot;,&quot;dpid&quot;:&quot;00:00:00:00:00:00:00:02&quot;}]}
10:46:02.384 [main] DEBUG org.bitbucket.openkilda.tools.mininet.Mininet - sending {&quot;links&quot;:[{&quot;node1&quot;:&quot;sw1&quot;,&quot;node2&quot;:&quot;sw2&quot;}]}
</system-out>
  </testcase>
</testsuite>